Using pre-set license
Built from '2021.1/release' branch; Version is '2021.1.0f1 (61a549675243) revision 6399305'; Using compiler version '192528614'; Build Type 'Release'
OS: 'Windows 10 Home N; OS build 19042.631; Version 2009; 64bit' Language: 'en' Physical Memory: 4016 MB
BatchMode: 1, IsHumanControllingUs: 0, StartBugReporterOnCrash: 0, Is64bit: 1, IsPro: 0

 COMMAND LINE ARGUMENTS:
C:\Program Files\Unity\Hub\Editor\2021.1.0f1\Editor\Unity.exe
-adb2
-batchMode
-noUpm
-name
AssetImportWorker0
-projectPath
E:/Unity/Projects/ShooterRobot/Shooter Robot
-logFile
Logs/AssetImportWorker0.log
-srvPort
52589
Successfully changed project path to: E:/Unity/Projects/ShooterRobot/Shooter Robot
E:/Unity/Projects/ShooterRobot/Shooter Robot
Using Asset Import Pipeline V2.
Refreshing native plugins compatible for Editor in 158.95 ms, found 1 plugins.
Preloading 0 native plugins for Editor in 0.00 ms.
Initialize engine version: 2021.1.0f1 (61a549675243)
[Subsystems] Discovering subsystems at path C:/Program Files/Unity/Hub/Editor/2021.1.0f1/Editor/Data/Resources/UnitySubsystems
[Subsystems] Discovering subsystems at path E:/Unity/Projects/ShooterRobot/Shooter Robot/Assets
GfxDevice: creating device client; threaded=0; jobified=0
Direct3D:
    Version:  Direct3D 11.0 [level 11.1]
    Renderer: Intel(R) HD Graphics 5500 (ID=0x1616)
    Vendor:   Intel
    VRAM:     2008 MB
    Driver:   20.19.15.4326
Initialize mono
Mono path[0] = 'C:/Program Files/Unity/Hub/Editor/2021.1.0f1/Editor/Data/Managed'
Mono path[1] = 'C:/Program Files/Unity/Hub/Editor/2021.1.0f1/Editor/Data/MonoBleedingEdge/lib/mono/unityjit'
Mono config path = 'C:/Program Files/Unity/Hub/Editor/2021.1.0f1/Editor/Data/MonoBleedingEdge/etc'
Using monoOptions --debugger-agent=transport=dt_socket,embedding=1,server=y,suspend=n,address=127.0.0.1:56628
Begin MonoManager ReloadAssembly
Registering precompiled unity dll's ...
Register platform support module: C:/Program Files/Unity/Hub/Editor/2021.1.0f1/Editor/Data/PlaybackEngines/WindowsStandaloneSupport/UnityEditor.WindowsStandalone.Extensions.dll
Registered in 0.003441 seconds.
Native extension for WindowsStandalone target not found
Refreshing native plugins compatible for Editor in 358.28 ms, found 1 plugins.
Preloading 0 native plugins for Editor in 0.00 ms.
Mono: successfully reloaded assembly
- Completed reload, in  4.783 seconds
Platform modules already initialized, skipping
Registering precompiled user dll's ...
Registered in 0.007334 seconds.
Begin MonoManager ReloadAssembly
OnLevelWasLoaded was found on LeanTween
This message has been deprecated and will be removed in a later version of Unity.
Add a delegate to SceneManager.sceneLoaded instead to get notifications after scene loading has completed

Native extension for WindowsStandalone target not found
Refreshing native plugins compatible for Editor in 0.99 ms, found 1 plugins.
Preloading 0 native plugins for Editor in 0.00 ms.
Mono: successfully reloaded assembly
- Completed reload, in  2.509 seconds
Platform modules already initialized, skipping
========================================================================
Worker process is ready to serve import requests
Launched and connected shader compiler UnityShaderCompiler.exe after 0.18 seconds
Refreshing native plugins compatible for Editor in 1.61 ms, found 1 plugins.
Preloading 0 native plugins for Editor in 0.00 ms.
Unloading 2802 Unused Serialized files (Serialized files now loaded: 0)
System memory in use before: 108.0 MB.
System memory in use after: 108.2 MB.

Unloading 15 unused Assets to reduce memory usage. Loaded Objects now: 3260.
Total: 5.397800 ms (FindLiveObjects: 0.502500 ms CreateObjectMapping: 0.289100 ms MarkObjects: 4.425500 ms  DeleteObjects: 0.177700 ms)

========================================================================
Received Import Request.
  path: Assets/Script/CameraFollow.cs
  artifactKey: Guid(8e47a7eaa628462409226232f3b5b6e6) Importer(815301076,1909f56bfc062723c751e8b465ee728b)
Start importing Assets/Script/CameraFollow.cs using Guid(8e47a7eaa628462409226232f3b5b6e6) Importer(815301076,1909f56bfc062723c751e8b465ee728b)  -> (artifact id: '58b172001b098244c23fa01f950fbe08') in 0.288637 seconds 
========================================================================
Received Import Request.
  Time since last request: 0.008593 seconds.
  path: Assets/Script/Player.cs
  artifactKey: Guid(78980cb662f9fae4e8c5b3bd773045cb) Importer(815301076,1909f56bfc062723c751e8b465ee728b)
Start importing Assets/Script/Player.cs using Guid(78980cb662f9fae4e8c5b3bd773045cb) Importer(815301076,1909f56bfc062723c751e8b465ee728b)  -> (artifact id: 'bc8a3ea86b06b20b5ebb3b047b6c4186') in 0.042251 seconds 
========================================================================
Received Import Request.
  Time since last request: 321.623201 seconds.
  path: Assets/Script/CameraFollow.cs
  artifactKey: Guid(8e47a7eaa628462409226232f3b5b6e6) Importer(815301076,1909f56bfc062723c751e8b465ee728b)
Start importing Assets/Script/CameraFollow.cs using Guid(8e47a7eaa628462409226232f3b5b6e6) Importer(815301076,1909f56bfc062723c751e8b465ee728b)  -> (artifact id: '032704c088e8181323b9f860bcaeb978') in 0.095465 seconds 
========================================================================
Received Import Request.
  Time since last request: 30.977981 seconds.
  path: Assets/Script/CameraFollow.cs
  artifactKey: Guid(8e47a7eaa628462409226232f3b5b6e6) Importer(815301076,1909f56bfc062723c751e8b465ee728b)
Start importing Assets/Script/CameraFollow.cs using Guid(8e47a7eaa628462409226232f3b5b6e6) Importer(815301076,1909f56bfc062723c751e8b465ee728b)  -> (artifact id: 'bb6e730b7d4aea5e404c3c83dc136893') in 0.085266 seconds 
========================================================================
Received Prepare
Registering precompiled user dll's ...
Registered in 0.006735 seconds.
Begin MonoManager ReloadAssembly
Native extension for WindowsStandalone target not found
Refreshing native plugins compatible for Editor in 0.93 ms, found 1 plugins.
Preloading 0 native plugins for Editor in 0.00 ms.
Mono: successfully reloaded assembly
- Completed reload, in  2.305 seconds
Platform modules already initialized, skipping
OnLevelWasLoaded was found on LeanTween
This message has been deprecated and will be removed in a later version of Unity.
Add a delegate to SceneManager.sceneLoaded instead to get notifications after scene loading has completed

Refreshing native plugins compatible for Editor in 6.45 ms, found 1 plugins.
Preloading 0 native plugins for Editor in 0.00 ms.
Unloading 2767 Unused Serialized files (Serialized files now loaded: 0)
System memory in use before: 105.7 MB.
System memory in use after: 105.9 MB.

Unloading 10 unused Assets to reduce memory usage. Loaded Objects now: 3263.
Total: 11.914400 ms (FindLiveObjects: 1.502700 ms CreateObjectMapping: 0.556300 ms MarkObjects: 9.794100 ms  DeleteObjects: 0.057600 ms)

========================================================================
Received Prepare
Registering precompiled user dll's ...
Registered in 0.004602 seconds.
Begin MonoManager ReloadAssembly
Native extension for WindowsStandalone target not found
Refreshing native plugins compatible for Editor in 0.91 ms, found 1 plugins.
Preloading 0 native plugins for Editor in 0.00 ms.
Mono: successfully reloaded assembly
- Completed reload, in  1.866 seconds
Platform modules already initialized, skipping
OnLevelWasLoaded was found on LeanTween
This message has been deprecated and will be removed in a later version of Unity.
Add a delegate to SceneManager.sceneLoaded instead to get notifications after scene loading has completed

Refreshing native plugins compatible for Editor in 2.88 ms, found 1 plugins.
Preloading 0 native plugins for Editor in 0.00 ms.
Unloading 2767 Unused Serialized files (Serialized files now loaded: 0)
System memory in use before: 105.7 MB.
System memory in use after: 106.0 MB.

Unloading 10 unused Assets to reduce memory usage. Loaded Objects now: 3266.
Total: 85.593900 ms (FindLiveObjects: 0.594300 ms CreateObjectMapping: 0.392900 ms MarkObjects: 84.512100 ms  DeleteObjects: 0.089700 ms)

========================================================================
Received Import Request.
  Time since last request: 122.491285 seconds.
  path: ProjectSettings/TagManager.asset
  artifactKey: Guid(00000000000000003000000000000000) Importer(815301076,1909f56bfc062723c751e8b465ee728b)
Start importing ProjectSettings/TagManager.asset using Guid(00000000000000003000000000000000) Importer(815301076,1909f56bfc062723c751e8b465ee728b)  -> (artifact id: '59829918d82aa43885a6ee49bb516ffc') in 0.229826 seconds 
========================================================================
Received Import Request.
  Time since last request: 29.583580 seconds.
  path: Assets/Prefabs/Enemy.prefab
  artifactKey: Guid(16e87fc99c3fca54eb4ea87885316a57) Importer(815301076,1909f56bfc062723c751e8b465ee728b)
Start importing Assets/Prefabs/Enemy.prefab using Guid(16e87fc99c3fca54eb4ea87885316a57) Importer(815301076,1909f56bfc062723c751e8b465ee728b)  -> (artifact id: '16d90e01cecc65aa22dbdb0fcd8333ec') in 0.706514 seconds 
========================================================================
Received Prepare
Registering precompiled user dll's ...
Registered in 0.014806 seconds.
Begin MonoManager ReloadAssembly
Native extension for WindowsStandalone target not found
Refreshing native plugins compatible for Editor in 0.94 ms, found 1 plugins.
Preloading 0 native plugins for Editor in 0.00 ms.
Mono: successfully reloaded assembly
- Completed reload, in  4.212 seconds
Platform modules already initialized, skipping
OnLevelWasLoaded was found on LeanTween
This message has been deprecated and will be removed in a later version of Unity.
Add a delegate to SceneManager.sceneLoaded instead to get notifications after scene loading has completed

Refreshing native plugins compatible for Editor in 3.10 ms, found 1 plugins.
Preloading 0 native plugins for Editor in 0.00 ms.
Unloading 2767 Unused Serialized files (Serialized files now loaded: 0)
System memory in use before: 109.5 MB.
System memory in use after: 109.7 MB.

Unloading 11 unused Assets to reduce memory usage. Loaded Objects now: 3277.
Total: 14.278400 ms (FindLiveObjects: 0.600400 ms CreateObjectMapping: 8.817300 ms MarkObjects: 4.815500 ms  DeleteObjects: 0.042900 ms)

========================================================================
Received Import Request.
  Time since last request: 118.113263 seconds.
  path: Assets/Prefabs/NewBehaviourScript.cs
  artifactKey: Guid(625a667f75230134dbb966913931133d) Importer(815301076,1909f56bfc062723c751e8b465ee728b)
Start importing Assets/Prefabs/NewBehaviourScript.cs using Guid(625a667f75230134dbb966913931133d) Importer(815301076,1909f56bfc062723c751e8b465ee728b)  -> (artifact id: '9634d136435a1e4463db3abb676bb3fd') in 0.029137 seconds 
========================================================================
Received Prepare
Registering precompiled user dll's ...
Registered in 0.004552 seconds.
Begin MonoManager ReloadAssembly
Native extension for WindowsStandalone target not found
Refreshing native plugins compatible for Editor in 1.00 ms, found 1 plugins.
Preloading 0 native plugins for Editor in 0.00 ms.
Mono: successfully reloaded assembly
- Completed reload, in  2.268 seconds
Platform modules already initialized, skipping
OnLevelWasLoaded was found on LeanTween
This message has been deprecated and will be removed in a later version of Unity.
Add a delegate to SceneManager.sceneLoaded instead to get notifications after scene loading has completed

Refreshing native plugins compatible for Editor in 1.37 ms, found 1 plugins.
Preloading 0 native plugins for Editor in 0.00 ms.
Unloading 2767 Unused Serialized files (Serialized files now loaded: 0)
System memory in use before: 109.5 MB.
System memory in use after: 109.7 MB.

Unloading 10 unused Assets to reduce memory usage. Loaded Objects now: 3280.
Total: 4.345100 ms (FindLiveObjects: 0.522400 ms CreateObjectMapping: 0.288500 ms MarkObjects: 3.499100 ms  DeleteObjects: 0.032100 ms)

========================================================================
Received Prepare
Registering precompiled user dll's ...
Registered in 0.004613 seconds.
Begin MonoManager ReloadAssembly
Native extension for WindowsStandalone target not found
Refreshing native plugins compatible for Editor in 2.87 ms, found 1 plugins.
Preloading 0 native plugins for Editor in 0.00 ms.
Mono: successfully reloaded assembly
- Completed reload, in  2.230 seconds
Platform modules already initialized, skipping
OnLevelWasLoaded was found on LeanTween
This message has been deprecated and will be removed in a later version of Unity.
Add a delegate to SceneManager.sceneLoaded instead to get notifications after scene loading has completed

Refreshing native plugins compatible for Editor in 1.89 ms, found 1 plugins.
Preloading 0 native plugins for Editor in 0.00 ms.
Unloading 2768 Unused Serialized files (Serialized files now loaded: 0)
System memory in use before: 109.5 MB.
System memory in use after: 109.8 MB.

Unloading 10 unused Assets to reduce memory usage. Loaded Objects now: 3284.
Total: 5.246500 ms (FindLiveObjects: 0.504600 ms CreateObjectMapping: 0.302400 ms MarkObjects: 4.398700 ms  DeleteObjects: 0.037100 ms)

========================================================================
Received Import Request.
  Time since last request: 83.563751 seconds.
  path: Assets/Script/Enemy.cs
  artifactKey: Guid(bbf000d7e636f514680bf1a5b1331993) Importer(815301076,1909f56bfc062723c751e8b465ee728b)
Start importing Assets/Script/Enemy.cs using Guid(bbf000d7e636f514680bf1a5b1331993) Importer(815301076,1909f56bfc062723c751e8b465ee728b)  -> (artifact id: '764b20c9ae1f33161a6eb345e2faaa76') in 0.014007 seconds 
========================================================================
Received Prepare
Registering precompiled user dll's ...
Registered in 0.004926 seconds.
Begin MonoManager ReloadAssembly
Native extension for WindowsStandalone target not found
Refreshing native plugins compatible for Editor in 1.37 ms, found 1 plugins.
Preloading 0 native plugins for Editor in 0.00 ms.
Mono: successfully reloaded assembly
- Completed reload, in  2.077 seconds
Platform modules already initialized, skipping
OnLevelWasLoaded was found on LeanTween
This message has been deprecated and will be removed in a later version of Unity.
Add a delegate to SceneManager.sceneLoaded instead to get notifications after scene loading has completed

Refreshing native plugins compatible for Editor in 3.45 ms, found 1 plugins.
Preloading 0 native plugins for Editor in 0.00 ms.
Unloading 2768 Unused Serialized files (Serialized files now loaded: 0)
System memory in use before: 109.5 MB.
System memory in use after: 109.8 MB.

Unloading 10 unused Assets to reduce memory usage. Loaded Objects now: 3287.
Total: 7.019700 ms (FindLiveObjects: 0.534000 ms CreateObjectMapping: 0.308800 ms MarkObjects: 6.095200 ms  DeleteObjects: 0.077200 ms)

========================================================================
Received Import Request.
  Time since last request: 147.900282 seconds.
  path: Assets
  artifactKey: Guid(00000000000000001000000000000000) Importer(815301076,1909f56bfc062723c751e8b465ee728b)
Start importing Assets using Guid(00000000000000001000000000000000) Importer(815301076,1909f56bfc062723c751e8b465ee728b)  -> (artifact id: 'c1e3b0d4d28e3570eb9237b2a8027d38') in 0.038773 seconds 
========================================================================
Received Import Request.
  Time since last request: 26.289231 seconds.
  path: Assets/Prefabs/Enemy.prefab
  artifactKey: Guid(16e87fc99c3fca54eb4ea87885316a57) Importer(815301076,1909f56bfc062723c751e8b465ee728b)
Start importing Assets/Prefabs/Enemy.prefab using Guid(16e87fc99c3fca54eb4ea87885316a57) Importer(815301076,1909f56bfc062723c751e8b465ee728b)  -> (artifact id: '3028a678bec3c810caf1c9172cb39768') in 0.361862 seconds 
========================================================================
Received Import Request.
  Time since last request: 0.000920 seconds.
  path: Assets/Prefabs/MeshExplosion.prefab
  artifactKey: Guid(b0ff476dbdefa664e8c5bec800b2b94d) Importer(815301076,1909f56bfc062723c751e8b465ee728b)
Start importing Assets/Prefabs/MeshExplosion.prefab using Guid(b0ff476dbdefa664e8c5bec800b2b94d) Importer(815301076,1909f56bfc062723c751e8b465ee728b)  -> (artifact id: 'cd9a7bac08a84941892be7a23e059f32') in 0.076047 seconds 
========================================================================
Received Import Request.
  Time since last request: 10.918682 seconds.
  path: Assets/Materials
  artifactKey: Guid(2dd938861a60cd346b011aa112f61774) Importer(815301076,1909f56bfc062723c751e8b465ee728b)
Start importing Assets/Materials using Guid(2dd938861a60cd346b011aa112f61774) Importer(815301076,1909f56bfc062723c751e8b465ee728b)  -> (artifact id: 'dfcf767c60faf091976e247cbda0ab72') in 0.088304 seconds 
========================================================================
Received Import Request.
  Time since last request: 0.000707 seconds.
  path: Assets/Materials/Player Materal.mat
  artifactKey: Guid(3ae736a2bc8f55e4bb54fbf8335153b5) Importer(815301076,1909f56bfc062723c751e8b465ee728b)
Start importing Assets/Materials/Player Materal.mat using Guid(3ae736a2bc8f55e4bb54fbf8335153b5) Importer(815301076,1909f56bfc062723c751e8b465ee728b)  -> (artifact id: '03985e5d4a196e244bb8a2cefcc68bde') in 0.743666 seconds 
========================================================================
Received Import Request.
  Time since last request: 0.000665 seconds.
  path: Assets/Materials/Box.mat
  artifactKey: Guid(5f3a5bf4e30d7354f8855b8e8e1014bc) Importer(815301076,1909f56bfc062723c751e8b465ee728b)
Start importing Assets/Materials/Box.mat using Guid(5f3a5bf4e30d7354f8855b8e8e1014bc) Importer(815301076,1909f56bfc062723c751e8b465ee728b)  -> (artifact id: '5c817960f4f63065dc5bdb9aaadaac3c') in 0.122374 seconds 
========================================================================
Received Import Request.
  Time since last request: 54.408056 seconds.
  path: Assets/Prefabs/MeshExplosion.prefab
  artifactKey: Guid(b0ff476dbdefa664e8c5bec800b2b94d) Importer(815301076,1909f56bfc062723c751e8b465ee728b)
Start importing Assets/Prefabs/MeshExplosion.prefab using Guid(b0ff476dbdefa664e8c5bec800b2b94d) Importer(815301076,1909f56bfc062723c751e8b465ee728b)  -> (artifact id: '27374d9d0e80668723278b2fb1e92bf7') in 0.023835 seconds 
========================================================================
Received Import Request.
  Time since last request: 59.889872 seconds.
  path: Assets/Prefabs/Enemy.prefab
  artifactKey: Guid(16e87fc99c3fca54eb4ea87885316a57) Importer(815301076,1909f56bfc062723c751e8b465ee728b)
Start importing Assets/Prefabs/Enemy.prefab using Guid(16e87fc99c3fca54eb4ea87885316a57) Importer(815301076,1909f56bfc062723c751e8b465ee728b)  -> (artifact id: 'd0cc13ccd865f23d0a1b6018e7efe345') in 0.075056 seconds 
========================================================================
Received Prepare
Registering precompiled user dll's ...
Registered in 0.004476 seconds.
Begin MonoManager ReloadAssembly
Native extension for WindowsStandalone target not found
Refreshing native plugins compatible for Editor in 1.33 ms, found 1 plugins.
Preloading 0 native plugins for Editor in 0.00 ms.
Mono: successfully reloaded assembly
- Completed reload, in  2.109 seconds
Platform modules already initialized, skipping
OnLevelWasLoaded was found on LeanTween
This message has been deprecated and will be removed in a later version of Unity.
Add a delegate to SceneManager.sceneLoaded instead to get notifications after scene loading has completed

Refreshing native plugins compatible for Editor in 1.55 ms, found 1 plugins.
Preloading 0 native plugins for Editor in 0.00 ms.
Unloading 2768 Unused Serialized files (Serialized files now loaded: 0)
System memory in use before: 109.8 MB.
System memory in use after: 110.0 MB.

Unloading 10 unused Assets to reduce memory usage. Loaded Objects now: 3324.
Total: 6.130400 ms (FindLiveObjects: 0.543400 ms CreateObjectMapping: 0.500100 ms MarkObjects: 5.039200 ms  DeleteObjects: 0.044300 ms)

========================================================================
Received Prepare
Registering precompiled user dll's ...
Registered in 0.004701 seconds.
Begin MonoManager ReloadAssembly
Native extension for WindowsStandalone target not found
Refreshing native plugins compatible for Editor in 0.91 ms, found 1 plugins.
Preloading 0 native plugins for Editor in 0.00 ms.
Mono: successfully reloaded assembly
- Completed reload, in  2.030 seconds
Platform modules already initialized, skipping
OnLevelWasLoaded was found on LeanTween
This message has been deprecated and will be removed in a later version of Unity.
Add a delegate to SceneManager.sceneLoaded instead to get notifications after scene loading has completed

Refreshing native plugins compatible for Editor in 1.37 ms, found 1 plugins.
Preloading 0 native plugins for Editor in 0.00 ms.
Unloading 2768 Unused Serialized files (Serialized files now loaded: 0)
System memory in use before: 109.8 MB.
System memory in use after: 110.0 MB.

Unloading 10 unused Assets to reduce memory usage. Loaded Objects now: 3327.
Total: 5.496600 ms (FindLiveObjects: 0.488000 ms CreateObjectMapping: 0.246700 ms MarkObjects: 4.720900 ms  DeleteObjects: 0.038600 ms)

========================================================================
Received Prepare
Registering precompiled user dll's ...
Registered in 0.004463 seconds.
Begin MonoManager ReloadAssembly
Native extension for WindowsStandalone target not found
Refreshing native plugins compatible for Editor in 0.79 ms, found 1 plugins.
Preloading 0 native plugins for Editor in 0.00 ms.
Mono: successfully reloaded assembly
- Completed reload, in  1.980 seconds
Platform modules already initialized, skipping
OnLevelWasLoaded was found on LeanTween
This message has been deprecated and will be removed in a later version of Unity.
Add a delegate to SceneManager.sceneLoaded instead to get notifications after scene loading has completed

Refreshing native plugins compatible for Editor in 34.34 ms, found 1 plugins.
Preloading 0 native plugins for Editor in 0.00 ms.
Unloading 2768 Unused Serialized files (Serialized files now loaded: 0)
System memory in use before: 109.8 MB.
System memory in use after: 110.0 MB.

Unloading 10 unused Assets to reduce memory usage. Loaded Objects now: 3330.
Total: 5.711200 ms (FindLiveObjects: 0.689700 ms CreateObjectMapping: 0.436600 ms MarkObjects: 4.538400 ms  DeleteObjects: 0.042600 ms)

========================================================================
Received Prepare
Registering precompiled user dll's ...
Registered in 0.007972 seconds.
Begin MonoManager ReloadAssembly
Native extension for WindowsStandalone target not found
Refreshing native plugins compatible for Editor in 1.38 ms, found 1 plugins.
Preloading 0 native plugins for Editor in 0.00 ms.
Mono: successfully reloaded assembly
- Completed reload, in  1.951 seconds
Platform modules already initialized, skipping
OnLevelWasLoaded was found on LeanTween
This message has been deprecated and will be removed in a later version of Unity.
Add a delegate to SceneManager.sceneLoaded instead to get notifications after scene loading has completed

Refreshing native plugins compatible for Editor in 1.52 ms, found 1 plugins.
Preloading 0 native plugins for Editor in 0.00 ms.
Unloading 2768 Unused Serialized files (Serialized files now loaded: 0)
System memory in use before: 109.8 MB.
System memory in use after: 110.0 MB.

Unloading 10 unused Assets to reduce memory usage. Loaded Objects now: 3333.
Total: 6.930200 ms (FindLiveObjects: 0.699400 ms CreateObjectMapping: 0.542100 ms MarkObjects: 5.605900 ms  DeleteObjects: 0.078700 ms)

========================================================================
Received Prepare
Registering precompiled user dll's ...
Registered in 0.004350 seconds.
Begin MonoManager ReloadAssembly
Native extension for WindowsStandalone target not found
Refreshing native plugins compatible for Editor in 0.83 ms, found 1 plugins.
Preloading 0 native plugins for Editor in 0.00 ms.
Mono: successfully reloaded assembly
- Completed reload, in  1.976 seconds
Platform modules already initialized, skipping
OnLevelWasLoaded was found on LeanTween
This message has been deprecated and will be removed in a later version of Unity.
Add a delegate to SceneManager.sceneLoaded instead to get notifications after scene loading has completed

Refreshing native plugins compatible for Editor in 1.48 ms, found 1 plugins.
Preloading 0 native plugins for Editor in 0.00 ms.
Unloading 2768 Unused Serialized files (Serialized files now loaded: 0)
System memory in use before: 109.8 MB.
System memory in use after: 110.0 MB.

Unloading 10 unused Assets to reduce memory usage. Loaded Objects now: 3336.
Total: 12.128200 ms (FindLiveObjects: 6.201700 ms CreateObjectMapping: 0.806300 ms MarkObjects: 5.061700 ms  DeleteObjects: 0.054600 ms)

========================================================================
Received Prepare
Registering precompiled user dll's ...
Registered in 0.004675 seconds.
Begin MonoManager ReloadAssembly
Native extension for WindowsStandalone target not found
Refreshing native plugins compatible for Editor in 0.93 ms, found 1 plugins.
Preloading 0 native plugins for Editor in 0.00 ms.
Mono: successfully reloaded assembly
- Completed reload, in  1.947 seconds
Platform modules already initialized, skipping
OnLevelWasLoaded was found on LeanTween
This message has been deprecated and will be removed in a later version of Unity.
Add a delegate to SceneManager.sceneLoaded instead to get notifications after scene loading has completed

Refreshing native plugins compatible for Editor in 1.51 ms, found 1 plugins.
Preloading 0 native plugins for Editor in 0.00 ms.
Unloading 2768 Unused Serialized files (Serialized files now loaded: 0)
System memory in use before: 109.8 MB.
System memory in use after: 110.0 MB.

Unloading 10 unused Assets to reduce memory usage. Loaded Objects now: 3339.
Total: 6.220600 ms (FindLiveObjects: 0.573800 ms CreateObjectMapping: 0.330400 ms MarkObjects: 5.264900 ms  DeleteObjects: 0.047600 ms)

========================================================================
Received Prepare
Registering precompiled user dll's ...
Registered in 0.006445 seconds.
Begin MonoManager ReloadAssembly
Native extension for WindowsStandalone target not found
Refreshing native plugins compatible for Editor in 0.90 ms, found 1 plugins.
Preloading 0 native plugins for Editor in 0.00 ms.
Mono: successfully reloaded assembly
- Completed reload, in  2.058 seconds
Platform modules already initialized, skipping
OnLevelWasLoaded was found on LeanTween
This message has been deprecated and will be removed in a later version of Unity.
Add a delegate to SceneManager.sceneLoaded instead to get notifications after scene loading has completed

Refreshing native plugins compatible for Editor in 1.48 ms, found 1 plugins.
Preloading 0 native plugins for Editor in 0.00 ms.
Unloading 2768 Unused Serialized files (Serialized files now loaded: 0)
System memory in use before: 109.8 MB.
System memory in use after: 110.0 MB.

Unloading 10 unused Assets to reduce memory usage. Loaded Objects now: 3342.
Total: 5.575400 ms (FindLiveObjects: 0.539000 ms CreateObjectMapping: 0.286500 ms MarkObjects: 4.705200 ms  DeleteObjects: 0.041500 ms)

========================================================================
Received Import Request.
  Time since last request: 2118.638679 seconds.
  path: Assets/Prefabs/Enemy.prefab
  artifactKey: Guid(16e87fc99c3fca54eb4ea87885316a57) Importer(815301076,1909f56bfc062723c751e8b465ee728b)
Start importing Assets/Prefabs/Enemy.prefab using Guid(16e87fc99c3fca54eb4ea87885316a57) Importer(815301076,1909f56bfc062723c751e8b465ee728b)  -> (artifact id: 'c5bb6a4c282d2fa0f57fd2dc60ee5c0c') in 0.267325 seconds 
========================================================================
Received Import Request.
  Time since last request: 306.419405 seconds.
  path: Assets/Prefabs/Cannon.prefab
  artifactKey: Guid(8fec030267fa4ff4198c547ae6fcff67) Importer(815301076,1909f56bfc062723c751e8b465ee728b)
Start importing Assets/Prefabs/Cannon.prefab using Guid(8fec030267fa4ff4198c547ae6fcff67) Importer(815301076,1909f56bfc062723c751e8b465ee728b)  -> (artifact id: '972cc6d8c0c841bd6cd7c29b1e150d14') in 0.259053 seconds 
========================================================================
Received Import Request.
  Time since last request: 0.000720 seconds.
  path: Assets/Prefabs/MeshExplosion.prefab
  artifactKey: Guid(b0ff476dbdefa664e8c5bec800b2b94d) Importer(815301076,1909f56bfc062723c751e8b465ee728b)
Start importing Assets/Prefabs/MeshExplosion.prefab using Guid(b0ff476dbdefa664e8c5bec800b2b94d) Importer(815301076,1909f56bfc062723c751e8b465ee728b)  -> (artifact id: 'b7e6889dc2696d167341a1c8587faeeb') in 0.077405 seconds 
========================================================================
Received Import Request.
  Time since last request: 109.169833 seconds.
  path: Assets/Script/Cannon.cs
  artifactKey: Guid(5d34a673ac916e14cb119863c4ddfd89) Importer(815301076,1909f56bfc062723c751e8b465ee728b)
Start importing Assets/Script/Cannon.cs using Guid(5d34a673ac916e14cb119863c4ddfd89) Importer(815301076,1909f56bfc062723c751e8b465ee728b)  -> (artifact id: 'ac726b0157c10a60d9c41813c6912696') in 0.029971 seconds 
========================================================================
Received Prepare
Registering precompiled user dll's ...
Registered in 0.033735 seconds.
Begin MonoManager ReloadAssembly
Native extension for WindowsStandalone target not found
Refreshing native plugins compatible for Editor in 0.79 ms, found 1 plugins.
Preloading 0 native plugins for Editor in 0.00 ms.
Mono: successfully reloaded assembly
- Completed reload, in  2.105 seconds
Platform modules already initialized, skipping
OnLevelWasLoaded was found on LeanTween
This message has been deprecated and will be removed in a later version of Unity.
Add a delegate to SceneManager.sceneLoaded instead to get notifications after scene loading has completed

Refreshing native plugins compatible for Editor in 2.02 ms, found 1 plugins.
Preloading 0 native plugins for Editor in 0.00 ms.
Unloading 2769 Unused Serialized files (Serialized files now loaded: 0)
System memory in use before: 109.9 MB.
System memory in use after: 110.1 MB.

Unloading 11 unused Assets to reduce memory usage. Loaded Objects now: 3349.
Total: 34.640300 ms (FindLiveObjects: 0.513800 ms CreateObjectMapping: 0.290800 ms MarkObjects: 33.777600 ms  DeleteObjects: 0.055400 ms)

========================================================================
Received Prepare
Registering precompiled user dll's ...
Registered in 0.004568 seconds.
Begin MonoManager ReloadAssembly
Native extension for WindowsStandalone target not found
Refreshing native plugins compatible for Editor in 1.46 ms, found 1 plugins.
Preloading 0 native plugins for Editor in 0.00 ms.
Mono: successfully reloaded assembly
- Completed reload, in  2.015 seconds
Platform modules already initialized, skipping
OnLevelWasLoaded was found on LeanTween
This message has been deprecated and will be removed in a later version of Unity.
Add a delegate to SceneManager.sceneLoaded instead to get notifications after scene loading has completed

Refreshing native plugins compatible for Editor in 1.94 ms, found 1 plugins.
Preloading 0 native plugins for Editor in 0.00 ms.
Unloading 2769 Unused Serialized files (Serialized files now loaded: 0)
System memory in use before: 109.9 MB.
System memory in use after: 110.1 MB.

Unloading 10 unused Assets to reduce memory usage. Loaded Objects now: 3352.
Total: 61.774900 ms (FindLiveObjects: 0.510900 ms CreateObjectMapping: 1.090700 ms MarkObjects: 59.509600 ms  DeleteObjects: 0.660200 ms)

========================================================================
Received Import Request.
  Time since last request: 87.891875 seconds.
  path: Assets/Script/Cannon.cs
  artifactKey: Guid(5d34a673ac916e14cb119863c4ddfd89) Importer(815301076,1909f56bfc062723c751e8b465ee728b)
Start importing Assets/Script/Cannon.cs using Guid(5d34a673ac916e14cb119863c4ddfd89) Importer(815301076,1909f56bfc062723c751e8b465ee728b)  -> (artifact id: 'dd3715e2b03e4c3c4c0f09edaebf13c5') in 0.070072 seconds 
========================================================================
Received Prepare
Registering precompiled user dll's ...
Registered in 0.007553 seconds.
Begin MonoManager ReloadAssembly
Native extension for WindowsStandalone target not found
Refreshing native plugins compatible for Editor in 1.44 ms, found 1 plugins.
Preloading 0 native plugins for Editor in 0.00 ms.
Mono: successfully reloaded assembly
- Completed reload, in  2.044 seconds
Platform modules already initialized, skipping
OnLevelWasLoaded was found on LeanTween
This message has been deprecated and will be removed in a later version of Unity.
Add a delegate to SceneManager.sceneLoaded instead to get notifications after scene loading has completed

Refreshing native plugins compatible for Editor in 1.46 ms, found 1 plugins.
Preloading 0 native plugins for Editor in 0.00 ms.
Unloading 2769 Unused Serialized files (Serialized files now loaded: 0)
System memory in use before: 109.9 MB.
System memory in use after: 110.1 MB.

Unloading 10 unused Assets to reduce memory usage. Loaded Objects now: 3355.
Total: 5.729500 ms (FindLiveObjects: 0.651900 ms CreateObjectMapping: 0.477800 ms MarkObjects: 4.553000 ms  DeleteObjects: 0.043500 ms)

========================================================================
Received Prepare
Registering precompiled user dll's ...
Registered in 0.005889 seconds.
Begin MonoManager ReloadAssembly
Native extension for WindowsStandalone target not found
Refreshing native plugins compatible for Editor in 0.90 ms, found 1 plugins.
Preloading 0 native plugins for Editor in 0.00 ms.
Mono: successfully reloaded assembly
- Completed reload, in  1.949 seconds
Platform modules already initialized, skipping
OnLevelWasLoaded was found on LeanTween
This message has been deprecated and will be removed in a later version of Unity.
Add a delegate to SceneManager.sceneLoaded instead to get notifications after scene loading has completed

Refreshing native plugins compatible for Editor in 1.06 ms, found 1 plugins.
Preloading 0 native plugins for Editor in 0.00 ms.
Unloading 2769 Unused Serialized files (Serialized files now loaded: 0)
System memory in use before: 109.9 MB.
System memory in use after: 110.1 MB.

Unloading 10 unused Assets to reduce memory usage. Loaded Objects now: 3358.
Total: 7.285800 ms (FindLiveObjects: 0.947800 ms CreateObjectMapping: 0.384000 ms MarkObjects: 5.911800 ms  DeleteObjects: 0.039300 ms)

========================================================================
Received Import Request.
  Time since last request: 505.496403 seconds.
  path: Assets/Materials/NewBehaviourScript.cs
  artifactKey: Guid(2aa23e6981be60c42957055590ba5e2c) Importer(815301076,1909f56bfc062723c751e8b465ee728b)
Start importing Assets/Materials/NewBehaviourScript.cs using Guid(2aa23e6981be60c42957055590ba5e2c) Importer(815301076,1909f56bfc062723c751e8b465ee728b)  -> (artifact id: '03f9a2b1d1f01a03abf41999270d0678') in 0.029385 seconds 
========================================================================
Received Prepare
Registering precompiled user dll's ...
Registered in 0.005613 seconds.
Begin MonoManager ReloadAssembly
Native extension for WindowsStandalone target not found
Refreshing native plugins compatible for Editor in 1.67 ms, found 1 plugins.
Preloading 0 native plugins for Editor in 0.00 ms.
Mono: successfully reloaded assembly
- Completed reload, in  2.040 seconds
Platform modules already initialized, skipping
OnLevelWasLoaded was found on LeanTween
This message has been deprecated and will be removed in a later version of Unity.
Add a delegate to SceneManager.sceneLoaded instead to get notifications after scene loading has completed

Refreshing native plugins compatible for Editor in 3.37 ms, found 1 plugins.
Preloading 0 native plugins for Editor in 0.00 ms.
Unloading 2770 Unused Serialized files (Serialized files now loaded: 0)
System memory in use before: 109.9 MB.
System memory in use after: 110.2 MB.

Unloading 10 unused Assets to reduce memory usage. Loaded Objects now: 3362.
Total: 10.432300 ms (FindLiveObjects: 2.526500 ms CreateObjectMapping: 1.853300 ms MarkObjects: 6.005500 ms  DeleteObjects: 0.043200 ms)

========================================================================
Received Prepare
Registering precompiled user dll's ...
Registered in 0.004367 seconds.
Begin MonoManager ReloadAssembly
Native extension for WindowsStandalone target not found
Refreshing native plugins compatible for Editor in 0.85 ms, found 1 plugins.
Preloading 0 native plugins for Editor in 0.00 ms.
Mono: successfully reloaded assembly
- Completed reload, in  2.060 seconds
Platform modules already initialized, skipping
OnLevelWasLoaded was found on LeanTween
This message has been deprecated and will be removed in a later version of Unity.
Add a delegate to SceneManager.sceneLoaded instead to get notifications after scene loading has completed

Refreshing native plugins compatible for Editor in 4.34 ms, found 1 plugins.
Preloading 0 native plugins for Editor in 0.00 ms.
Unloading 2769 Unused Serialized files (Serialized files now loaded: 0)
System memory in use before: 109.9 MB.
System memory in use after: 110.2 MB.

Unloading 11 unused Assets to reduce memory usage. Loaded Objects now: 3364.
Total: 5.914600 ms (FindLiveObjects: 0.597100 ms CreateObjectMapping: 0.426700 ms MarkObjects: 4.839700 ms  DeleteObjects: 0.047500 ms)

========================================================================
Received Import Request.
  Time since last request: 52.102186 seconds.
  path: Assets/Materials/Cannon.mat
  artifactKey: Guid(9cce1f3a936c50b4a9360413c8f2387f) Importer(815301076,1909f56bfc062723c751e8b465ee728b)
Start importing Assets/Materials/Cannon.mat using Guid(9cce1f3a936c50b4a9360413c8f2387f) Importer(815301076,1909f56bfc062723c751e8b465ee728b)  -> (artifact id: '961255e6d6747540a23229ee55124004') in 0.225183 seconds 
========================================================================
Received Import Request.
  Time since last request: 94.214744 seconds.
  path: Assets/Materials/Cannon.mat
  artifactKey: Guid(9cce1f3a936c50b4a9360413c8f2387f) Importer(815301076,1909f56bfc062723c751e8b465ee728b)
Start importing Assets/Materials/Cannon.mat using Guid(9cce1f3a936c50b4a9360413c8f2387f) Importer(815301076,1909f56bfc062723c751e8b465ee728b)  -> (artifact id: '9c9dda2042a7f772caef17411dc35d24') in 0.076871 seconds 
========================================================================
Received Prepare
Registering precompiled user dll's ...
Registered in 0.004436 seconds.
Begin MonoManager ReloadAssembly
Native extension for WindowsStandalone target not found
Refreshing native plugins compatible for Editor in 0.87 ms, found 1 plugins.
Preloading 0 native plugins for Editor in 0.00 ms.
Mono: successfully reloaded assembly
- Completed reload, in  1.976 seconds
Platform modules already initialized, skipping
OnLevelWasLoaded was found on LeanTween
This message has been deprecated and will be removed in a later version of Unity.
Add a delegate to SceneManager.sceneLoaded instead to get notifications after scene loading has completed

Refreshing native plugins compatible for Editor in 7.48 ms, found 1 plugins.
Preloading 0 native plugins for Editor in 0.00 ms.
Unloading 2769 Unused Serialized files (Serialized files now loaded: 0)
System memory in use before: 109.9 MB.
System memory in use after: 110.2 MB.

Unloading 10 unused Assets to reduce memory usage. Loaded Objects now: 3368.
Total: 14.209300 ms (FindLiveObjects: 1.466100 ms CreateObjectMapping: 2.665500 ms MarkObjects: 9.989500 ms  DeleteObjects: 0.085200 ms)

========================================================================
Received Import Request.
  Time since last request: 194.494003 seconds.
  path: Assets/Prefabs/CannonMeshExplosion.prefab
  artifactKey: Guid(b387bf2516c929742930c0a1f2fd76a8) Importer(815301076,1909f56bfc062723c751e8b465ee728b)
Start importing Assets/Prefabs/CannonMeshExplosion.prefab using Guid(b387bf2516c929742930c0a1f2fd76a8) Importer(815301076,1909f56bfc062723c751e8b465ee728b)  -> (artifact id: '319d26c8b79badb7147edb8e00b52ef7') in 0.109328 seconds 
========================================================================
Received Import Request.
  Time since last request: 42.659397 seconds.
  path: Assets/Prefabs/EnemyMeshExplosion.prefab
  artifactKey: Guid(a8587538c3630734bb04ca9130f27a17) Importer(815301076,1909f56bfc062723c751e8b465ee728b)
Start importing Assets/Prefabs/EnemyMeshExplosion.prefab using Guid(a8587538c3630734bb04ca9130f27a17) Importer(815301076,1909f56bfc062723c751e8b465ee728b)  -> (artifact id: '3bfb1df18c20ac3979069ffee047b032') in 0.049137 seconds 
========================================================================
Received Prepare
Registering precompiled user dll's ...
Registered in 0.004411 seconds.
Begin MonoManager ReloadAssembly
Native extension for WindowsStandalone target not found
Refreshing native plugins compatible for Editor in 2.31 ms, found 1 plugins.
Preloading 0 native plugins for Editor in 0.00 ms.
Mono: successfully reloaded assembly
- Completed reload, in  2.712 seconds
Platform modules already initialized, skipping
OnLevelWasLoaded was found on LeanTween
This message has been deprecated and will be removed in a later version of Unity.
Add a delegate to SceneManager.sceneLoaded instead to get notifications after scene loading has completed

Refreshing native plugins compatible for Editor in 1.57 ms, found 1 plugins.
Preloading 0 native plugins for Editor in 0.00 ms.
Unloading 2769 Unused Serialized files (Serialized files now loaded: 0)
System memory in use before: 109.9 MB.
System memory in use after: 110.2 MB.

Unloading 10 unused Assets to reduce memory usage. Loaded Objects now: 3371.
Total: 8.742300 ms (FindLiveObjects: 2.595800 ms CreateObjectMapping: 0.813900 ms MarkObjects: 5.278100 ms  DeleteObjects: 0.049600 ms)

========================================================================
Received Import Request.
  Time since last request: 290.297139 seconds.
  path: Assets/Materials/PlayerBulletMaterial.mat
  artifactKey: Guid(cef8849e47cf5b945912ad7a4a6d62c9) Importer(815301076,1909f56bfc062723c751e8b465ee728b)
Start importing Assets/Materials/PlayerBulletMaterial.mat using Guid(cef8849e47cf5b945912ad7a4a6d62c9) Importer(815301076,1909f56bfc062723c751e8b465ee728b)  -> (artifact id: '55bf98d25943cdf02e2fad8fd0a75893') in 0.344718 seconds 
========================================================================
Received Import Request.
  Time since last request: 76.647770 seconds.
  path: Assets/Materials/Player
  artifactKey: Guid(671ba45dbe6989c46904c71282c86341) Importer(815301076,1909f56bfc062723c751e8b465ee728b)
Start importing Assets/Materials/Player using Guid(671ba45dbe6989c46904c71282c86341) Importer(815301076,1909f56bfc062723c751e8b465ee728b)  -> (artifact id: '9888d9dec14cca49cf5470b6da46e743') in 0.009976 seconds 
========================================================================
Received Import Request.
  Time since last request: 18.518723 seconds.
  path: Assets/Materials/Player/BOdy.mat
  artifactKey: Guid(472c9e5a9920d5a47910f1b0831e2ec2) Importer(815301076,1909f56bfc062723c751e8b465ee728b)
Start importing Assets/Materials/Player/BOdy.mat using Guid(472c9e5a9920d5a47910f1b0831e2ec2) Importer(815301076,1909f56bfc062723c751e8b465ee728b)  -> (artifact id: 'a7f27c08beae045cba4602bc8be173b6') in 0.064097 seconds 
========================================================================
Received Import Request.
  Time since last request: 198.986387 seconds.
  path: Assets/Materials/Player/Hand.mat
  artifactKey: Guid(fcf610297fcee524391229c60addd909) Importer(815301076,1909f56bfc062723c751e8b465ee728b)
Start importing Assets/Materials/Player/Hand.mat using Guid(fcf610297fcee524391229c60addd909) Importer(815301076,1909f56bfc062723c751e8b465ee728b)  -> (artifact id: '9a197040debf8f397bdc80ab8ed78bcd') in 0.070013 seconds 
========================================================================
Received Import Request.
  Time since last request: 73.134160 seconds.
  path: Assets/Materials/Player/Body.mat
  artifactKey: Guid(81d0cfbe652829b4f9df13335c6012e7) Importer(815301076,1909f56bfc062723c751e8b465ee728b)
Start importing Assets/Materials/Player/Body.mat using Guid(81d0cfbe652829b4f9df13335c6012e7) Importer(815301076,1909f56bfc062723c751e8b465ee728b)  -> (artifact id: 'bfa5739f125a75c3ffabe60626358f18') in 0.056679 seconds 
========================================================================
Received Import Request.
  Time since last request: 174.309790 seconds.
  path: Assets/Materials/Player/Body.mat
  artifactKey: Guid(81d0cfbe652829b4f9df13335c6012e7) Importer(815301076,1909f56bfc062723c751e8b465ee728b)
Start importing Assets/Materials/Player/Body.mat using Guid(81d0cfbe652829b4f9df13335c6012e7) Importer(815301076,1909f56bfc062723c751e8b465ee728b)  -> (artifact id: '43f3e43c0fe63e202804d4740093b369') in 0.181480 seconds 
========================================================================
Received Import Request.
  Time since last request: 0.000374 seconds.
  path: Assets/Materials/Player/Legs.mat
  artifactKey: Guid(472c9e5a9920d5a47910f1b0831e2ec2) Importer(815301076,1909f56bfc062723c751e8b465ee728b)
Start importing Assets/Materials/Player/Legs.mat using Guid(472c9e5a9920d5a47910f1b0831e2ec2) Importer(815301076,1909f56bfc062723c751e8b465ee728b)  -> (artifact id: 'b3d3c1500c119c1f675b94567ca15dbc') in 0.068223 seconds 
========================================================================
Received Import Request.
  Time since last request: 0.000706 seconds.
  path: Assets/Materials/Player/Hand.mat
  artifactKey: Guid(fcf610297fcee524391229c60addd909) Importer(815301076,1909f56bfc062723c751e8b465ee728b)
Start importing Assets/Materials/Player/Hand.mat using Guid(fcf610297fcee524391229c60addd909) Importer(815301076,1909f56bfc062723c751e8b465ee728b)  -> (artifact id: '7089f1916f22c47a370251c47c785b45') in 0.074914 seconds 
========================================================================
Received Import Request.
  Time since last request: 0.000323 seconds.
  path: Assets/Materials/Player/PlayerBulletMaterial.mat
  artifactKey: Guid(cef8849e47cf5b945912ad7a4a6d62c9) Importer(815301076,1909f56bfc062723c751e8b465ee728b)
Start importing Assets/Materials/Player/PlayerBulletMaterial.mat using Guid(cef8849e47cf5b945912ad7a4a6d62c9) Importer(815301076,1909f56bfc062723c751e8b465ee728b)  -> (artifact id: '47a98812a705baf0974a97a1417d5c4c') in 0.066116 seconds 
========================================================================
Received Import Request.
  Time since last request: 126.651009 seconds.
  path: Assets/Prefabs/Enemy.prefab
  artifactKey: Guid(16e87fc99c3fca54eb4ea87885316a57) Importer(815301076,1909f56bfc062723c751e8b465ee728b)
Start importing Assets/Prefabs/Enemy.prefab using Guid(16e87fc99c3fca54eb4ea87885316a57) Importer(815301076,1909f56bfc062723c751e8b465ee728b)  -> (artifact id: 'dcbaa3ab08982712ba472bd73f27d026') in 0.293959 seconds 
========================================================================
Received Import Request.
  Time since last request: 0.000645 seconds.
  path: Assets/Prefabs/Robot.prefab
  artifactKey: Guid(b00a23c9f68be0544bb9026869866d13) Importer(815301076,1909f56bfc062723c751e8b465ee728b)
Start importing Assets/Prefabs/Robot.prefab using Guid(b00a23c9f68be0544bb9026869866d13) Importer(815301076,1909f56bfc062723c751e8b465ee728b)  -> (artifact id: 'fb0b3385710be5f0276f1dccfcf18753') in 0.081030 seconds 
========================================================================
Received Import Request.
  Time since last request: 6.702116 seconds.
  path: Assets/Prefabs/Cannon.prefab
  artifactKey: Guid(8fec030267fa4ff4198c547ae6fcff67) Importer(815301076,1909f56bfc062723c751e8b465ee728b)
Start importing Assets/Prefabs/Cannon.prefab using Guid(8fec030267fa4ff4198c547ae6fcff67) Importer(815301076,1909f56bfc062723c751e8b465ee728b)  -> (artifact id: 'a13c9315ace30dd0afbedd6e718c19ba') in 0.049520 seconds 
========================================================================
Received Import Request.
  Time since last request: 4.882563 seconds.
  path: Assets/Prefabs/Cannon.prefab
  artifactKey: Guid(8fec030267fa4ff4198c547ae6fcff67) Importer(815301076,1909f56bfc062723c751e8b465ee728b)
Start importing Assets/Prefabs/Cannon.prefab using Guid(8fec030267fa4ff4198c547ae6fcff67) Importer(815301076,1909f56bfc062723c751e8b465ee728b)  -> (artifact id: '38cc24cbbc38eb2c0556cc573ba08fea') in 0.063414 seconds 
========================================================================
Received Prepare
Registering precompiled user dll's ...
Registered in 0.004326 seconds.
Begin MonoManager ReloadAssembly
Native extension for WindowsStandalone target not found
Refreshing native plugins compatible for Editor in 0.89 ms, found 1 plugins.
Preloading 0 native plugins for Editor in 0.00 ms.
Mono: successfully reloaded assembly
- Completed reload, in  1.847 seconds
Platform modules already initialized, skipping
OnLevelWasLoaded was found on LeanTween
This message has been deprecated and will be removed in a later version of Unity.
Add a delegate to SceneManager.sceneLoaded instead to get notifications after scene loading has completed

Refreshing native plugins compatible for Editor in 1.56 ms, found 1 plugins.
Preloading 0 native plugins for Editor in 0.00 ms.
Unloading 2769 Unused Serialized files (Serialized files now loaded: 0)
System memory in use before: 110.0 MB.
System memory in use after: 110.2 MB.

Unloading 11 unused Assets to reduce memory usage. Loaded Objects now: 3375.
Total: 6.710200 ms (FindLiveObjects: 0.618800 ms CreateObjectMapping: 0.456900 ms MarkObjects: 5.585300 ms  DeleteObjects: 0.046200 ms)

========================================================================
Received Prepare
Registering precompiled user dll's ...
Registered in 0.005110 seconds.
Begin MonoManager ReloadAssembly
Native extension for WindowsStandalone target not found
Refreshing native plugins compatible for Editor in 0.79 ms, found 1 plugins.
Preloading 0 native plugins for Editor in 0.00 ms.
Mono: successfully reloaded assembly
- Completed reload, in  1.723 seconds
Platform modules already initialized, skipping
OnLevelWasLoaded was found on LeanTween
This message has been deprecated and will be removed in a later version of Unity.
Add a delegate to SceneManager.sceneLoaded instead to get notifications after scene loading has completed

Refreshing native plugins compatible for Editor in 1.35 ms, found 1 plugins.
Preloading 0 native plugins for Editor in 0.00 ms.
Unloading 2769 Unused Serialized files (Serialized files now loaded: 0)
System memory in use before: 110.0 MB.
System memory in use after: 110.2 MB.

Unloading 10 unused Assets to reduce memory usage. Loaded Objects now: 3378.
Total: 6.380700 ms (FindLiveObjects: 1.266600 ms CreateObjectMapping: 0.455400 ms MarkObjects: 4.614800 ms  DeleteObjects: 0.040800 ms)

========================================================================
Received Prepare
Registering precompiled user dll's ...
Registered in 0.004716 seconds.
Begin MonoManager ReloadAssembly
Native extension for WindowsStandalone target not found
Refreshing native plugins compatible for Editor in 2.25 ms, found 1 plugins.
Preloading 0 native plugins for Editor in 0.00 ms.
Mono: successfully reloaded assembly
- Completed reload, in  2.691 seconds
Platform modules already initialized, skipping
OnLevelWasLoaded was found on LeanTween
This message has been deprecated and will be removed in a later version of Unity.
Add a delegate to SceneManager.sceneLoaded instead to get notifications after scene loading has completed

Refreshing native plugins compatible for Editor in 5.92 ms, found 1 plugins.
Preloading 0 native plugins for Editor in 0.00 ms.
Unloading 2769 Unused Serialized files (Serialized files now loaded: 0)
System memory in use before: 110.0 MB.
System memory in use after: 110.2 MB.

Unloading 10 unused Assets to reduce memory usage. Loaded Objects now: 3381.
Total: 5.766500 ms (FindLiveObjects: 0.586600 ms CreateObjectMapping: 0.328300 ms MarkObjects: 4.807700 ms  DeleteObjects: 0.040100 ms)

========================================================================
Received Prepare
Registering precompiled user dll's ...
Registered in 0.007014 seconds.
Begin MonoManager ReloadAssembly
Native extension for WindowsStandalone target not found
Refreshing native plugins compatible for Editor in 1.00 ms, found 1 plugins.
Preloading 0 native plugins for Editor in 0.00 ms.
Mono: successfully reloaded assembly
- Completed reload, in  2.515 seconds
Platform modules already initialized, skipping
OnLevelWasLoaded was found on LeanTween
This message has been deprecated and will be removed in a later version of Unity.
Add a delegate to SceneManager.sceneLoaded instead to get notifications after scene loading has completed

Refreshing native plugins compatible for Editor in 1.55 ms, found 1 plugins.
Preloading 0 native plugins for Editor in 0.00 ms.
Unloading 2769 Unused Serialized files (Serialized files now loaded: 0)
System memory in use before: 110.0 MB.
System memory in use after: 110.2 MB.

Unloading 10 unused Assets to reduce memory usage. Loaded Objects now: 3384.
Total: 7.288700 ms (FindLiveObjects: 2.242900 ms CreateObjectMapping: 0.419000 ms MarkObjects: 4.583700 ms  DeleteObjects: 0.039500 ms)

========================================================================
Received Prepare
Registering precompiled user dll's ...
Registered in 0.004535 seconds.
Begin MonoManager ReloadAssembly
Native extension for WindowsStandalone target not found
Refreshing native plugins compatible for Editor in 1.37 ms, found 1 plugins.
Preloading 0 native plugins for Editor in 0.00 ms.
Mono: successfully reloaded assembly
- Completed reload, in  1.780 seconds
Platform modules already initialized, skipping
OnLevelWasLoaded was found on LeanTween
This message has been deprecated and will be removed in a later version of Unity.
Add a delegate to SceneManager.sceneLoaded instead to get notifications after scene loading has completed

Refreshing native plugins compatible for Editor in 1.79 ms, found 1 plugins.
Preloading 0 native plugins for Editor in 0.00 ms.
Unloading 2769 Unused Serialized files (Serialized files now loaded: 0)
System memory in use before: 110.0 MB.
System memory in use after: 110.3 MB.

Unloading 10 unused Assets to reduce memory usage. Loaded Objects now: 3387.
Total: 8.683500 ms (FindLiveObjects: 1.662300 ms CreateObjectMapping: 1.252300 ms MarkObjects: 5.705700 ms  DeleteObjects: 0.057500 ms)

