Using pre-set license
Built from '2021.1/release' branch; Version is '2021.1.0f1 (61a549675243) revision 6399305'; Using compiler version '192528614'; Build Type 'Release'
OS: 'Windows 10 Home N; OS build 19042.631; Version 2009; 64bit' Language: 'en' Physical Memory: 4016 MB
BatchMode: 1, IsHumanControllingUs: 0, StartBugReporterOnCrash: 0, Is64bit: 1, IsPro: 0

 COMMAND LINE ARGUMENTS:
C:\Program Files\Unity\Hub\Editor\2021.1.0f1\Editor\Unity.exe
-adb2
-batchMode
-noUpm
-name
AssetImportWorker3
-projectPath
E:/Unity/Projects/ShooterRobot/Shooter Robot
-logFile
Logs/AssetImportWorker3.log
-srvPort
49738
Successfully changed project path to: E:/Unity/Projects/ShooterRobot/Shooter Robot
E:/Unity/Projects/ShooterRobot/Shooter Robot
Using Asset Import Pipeline V2.
Refreshing native plugins compatible for Editor in 163.38 ms, found 1 plugins.
Preloading 0 native plugins for Editor in 0.00 ms.
Initialize engine version: 2021.1.0f1 (61a549675243)
[Subsystems] Discovering subsystems at path C:/Program Files/Unity/Hub/Editor/2021.1.0f1/Editor/Data/Resources/UnitySubsystems
[Subsystems] Discovering subsystems at path E:/Unity/Projects/ShooterRobot/Shooter Robot/Assets
GfxDevice: creating device client; threaded=0; jobified=0
Direct3D:
    Version:  Direct3D 11.0 [level 11.1]
    Renderer: Intel(R) HD Graphics 5500 (ID=0x1616)
    Vendor:   Intel
    VRAM:     2008 MB
    Driver:   20.19.15.4326
Initialize mono
Mono path[0] = 'C:/Program Files/Unity/Hub/Editor/2021.1.0f1/Editor/Data/Managed'
Mono path[1] = 'C:/Program Files/Unity/Hub/Editor/2021.1.0f1/Editor/Data/MonoBleedingEdge/lib/mono/unityjit'
Mono config path = 'C:/Program Files/Unity/Hub/Editor/2021.1.0f1/Editor/Data/MonoBleedingEdge/etc'
Using monoOptions --debugger-agent=transport=dt_socket,embedding=1,server=y,suspend=n,address=127.0.0.1:56268
Begin MonoManager ReloadAssembly
Registering precompiled unity dll's ...
Register platform support module: C:/Program Files/Unity/Hub/Editor/2021.1.0f1/Editor/Data/PlaybackEngines/WindowsStandaloneSupport/UnityEditor.WindowsStandalone.Extensions.dll
Registered in 0.005713 seconds.
Native extension for WindowsStandalone target not found
Refreshing native plugins compatible for Editor in 167.56 ms, found 1 plugins.
Preloading 0 native plugins for Editor in 0.00 ms.
Mono: successfully reloaded assembly
- Completed reload, in  3.472 seconds
Platform modules already initialized, skipping
Registering precompiled user dll's ...
Registered in 0.004876 seconds.
Begin MonoManager ReloadAssembly
OnLevelWasLoaded was found on LeanTween
This message has been deprecated and will be removed in a later version of Unity.
Add a delegate to SceneManager.sceneLoaded instead to get notifications after scene loading has completed

Native extension for WindowsStandalone target not found
Refreshing native plugins compatible for Editor in 0.99 ms, found 1 plugins.
Preloading 0 native plugins for Editor in 0.00 ms.
Mono: successfully reloaded assembly
- Completed reload, in  1.982 seconds
Platform modules already initialized, skipping
========================================================================
Worker process is ready to serve import requests
Launched and connected shader compiler UnityShaderCompiler.exe after 0.30 seconds
Refreshing native plugins compatible for Editor in 1.25 ms, found 1 plugins.
Preloading 0 native plugins for Editor in 0.00 ms.
Unloading 2805 Unused Serialized files (Serialized files now loaded: 0)
System memory in use before: 107.7 MB.
System memory in use after: 107.9 MB.

Unloading 15 unused Assets to reduce memory usage. Loaded Objects now: 3262.
Total: 3.974800 ms (FindLiveObjects: 0.604900 ms CreateObjectMapping: 0.380300 ms MarkObjects: 2.880700 ms  DeleteObjects: 0.106200 ms)

========================================================================
Received Import Request.
  path: Assets/Scenes/Level.unity
  artifactKey: Guid(9fc0d4010bbf28b4594072e72b8655ab) Importer(815301076,1909f56bfc062723c751e8b465ee728b)
Start importing Assets/Scenes/Level.unity using Guid(9fc0d4010bbf28b4594072e72b8655ab) Importer(815301076,1909f56bfc062723c751e8b465ee728b)  -> (artifact id: 'a385d5a591521bd6fea32b2fa21817d9') in 0.040167 seconds 
========================================================================
Received Prepare
Refreshing native plugins compatible for Editor in 5.24 ms, found 1 plugins.
Preloading 0 native plugins for Editor in 0.00 ms.
Unloading 8 Unused Serialized files (Serialized files now loaded: 0)
System memory in use before: 50.4 MB.
System memory in use after: 50.6 MB.

Unloading 8 unused Assets to reduce memory usage. Loaded Objects now: 3262.
Total: 6.795400 ms (FindLiveObjects: 0.677800 ms CreateObjectMapping: 0.357600 ms MarkObjects: 5.708000 ms  DeleteObjects: 0.048200 ms)

========================================================================
Received Import Request.
  Time since last request: 65.137373 seconds.
  path: Assets/Art
  artifactKey: Guid(c059e8f6d33b22c4eb53e0c621405b19) Importer(815301076,1909f56bfc062723c751e8b465ee728b)
Start importing Assets/Art using Guid(c059e8f6d33b22c4eb53e0c621405b19) Importer(815301076,1909f56bfc062723c751e8b465ee728b)  -> (artifact id: '00000000000000000000000000000000') in 0.000618 seconds  code(4) message(Build asset version error: assets/art.meta in SourceAssetDB has modification time of '2021-06-08T15:39:06.0867154Z' while content on disk has modification time of '2021-06-07T14:11:50.0703063Z')
  ERROR: Build asset version error: assets/art.meta in SourceAssetDB has modification time of '2021-06-08T15:39:06.0867154Z' while content on disk has modification time of '2021-06-07T14:11:50.0703063Z'
========================================================================
Received Import Request.
  Time since last request: 0.155240 seconds.
  path: Assets/Art/AttackButton.png
  artifactKey: Guid(981feadb37413c3419c53d317a095504) Importer(815301076,1909f56bfc062723c751e8b465ee728b)
Start importing Assets/Art/AttackButton.png using Guid(981feadb37413c3419c53d317a095504) Importer(815301076,1909f56bfc062723c751e8b465ee728b)  -> (artifact id: '00000000000000000000000000000000') in 0.466667 seconds  code(4) message(Build asset version error: assets/art/attackbutton.png in SourceAssetDB has modification time of '2021-06-08T15:39:06.1023394Z' while content on disk has modification time of '2021-02-28T02:13:20Z')
  ERROR: Build asset version error: assets/art/attackbutton.png in SourceAssetDB has modification time of '2021-06-08T15:39:06.1023394Z' while content on disk has modification time of '2021-02-28T02:13:20Z'
========================================================================
Received Import Request.
  Time since last request: 0.000313 seconds.
  path: Assets/Art/UP Rotate.png
  artifactKey: Guid(03a89855d35cec64eb0829f6baffdb79) Importer(815301076,1909f56bfc062723c751e8b465ee728b)
Start importing Assets/Art/UP Rotate.png using Guid(03a89855d35cec64eb0829f6baffdb79) Importer(815301076,1909f56bfc062723c751e8b465ee728b)  -> (artifact id: '00000000000000000000000000000000') in 0.034599 seconds  code(4) message(Build asset version error: assets/art/up rotate.png in SourceAssetDB has modification time of '2021-06-08T15:39:06.1492118Z' while content on disk has modification time of '2021-06-07T15:00:51.4198525Z')
  ERROR: Build asset version error: assets/art/up rotate.png in SourceAssetDB has modification time of '2021-06-08T15:39:06.1492118Z' while content on disk has modification time of '2021-06-07T15:00:51.4198525Z'
========================================================================
Received Import Request.
  Time since last request: 0.000302 seconds.
  path: Assets/Art/Missile Button.png
  artifactKey: Guid(9b6c7a4c1ec25d540be6769499491cad) Importer(815301076,1909f56bfc062723c751e8b465ee728b)
Start importing Assets/Art/Missile Button.png using Guid(9b6c7a4c1ec25d540be6769499491cad) Importer(815301076,1909f56bfc062723c751e8b465ee728b)  -> (artifact id: '00000000000000000000000000000000') in 0.044144 seconds  code(4) message(Build asset version error: assets/art/missile button.png in SourceAssetDB has modification time of '2021-06-08T15:39:06.1335878Z' while content on disk has modification time of '2021-06-07T15:27:59.3144545Z')
  ERROR: Build asset version error: assets/art/missile button.png in SourceAssetDB has modification time of '2021-06-08T15:39:06.1335878Z' while content on disk has modification time of '2021-06-07T15:27:59.3144545Z'
========================================================================
Received Import Request.
  Time since last request: 0.000270 seconds.
  path: Assets/Art/Left Right Button.png
  artifactKey: Guid(a68f6b3b007c0bb4c9baadbbc949d0b1) Importer(815301076,1909f56bfc062723c751e8b465ee728b)
Start importing Assets/Art/Left Right Button.png using Guid(a68f6b3b007c0bb4c9baadbbc949d0b1) Importer(815301076,1909f56bfc062723c751e8b465ee728b)  -> (artifact id: '00000000000000000000000000000000') in 0.021404 seconds  code(4) message(Build asset version error: assets/art/left right button.png in SourceAssetDB has modification time of '2021-06-08T15:39:06.1180382Z' while content on disk has modification time of '2021-06-07T14:32:19.5575898Z')
  ERROR: Build asset version error: assets/art/left right button.png in SourceAssetDB has modification time of '2021-06-08T15:39:06.1180382Z' while content on disk has modification time of '2021-06-07T14:32:19.5575898Z'
========================================================================
Received Import Request.
  Time since last request: 0.000254 seconds.
  path: Assets/Art/Rocket Thrust.png
  artifactKey: Guid(b8f60835fec06dd4ab79c2299ad55ff4) Importer(815301076,1909f56bfc062723c751e8b465ee728b)
Start importing Assets/Art/Rocket Thrust.png using Guid(b8f60835fec06dd4ab79c2299ad55ff4) Importer(815301076,1909f56bfc062723c751e8b465ee728b)  -> (artifact id: '00000000000000000000000000000000') in 0.041494 seconds  code(4) message(Build asset version error: assets/art/rocket thrust.png in SourceAssetDB has modification time of '2021-06-08T15:39:06.1335878Z' while content on disk has modification time of '2021-06-07T15:15:43.3178214Z')
  ERROR: Build asset version error: assets/art/rocket thrust.png in SourceAssetDB has modification time of '2021-06-08T15:39:06.1335878Z' while content on disk has modification time of '2021-06-07T15:15:43.3178214Z'
AssetImportWorkerClient::OnTransportError - code=2 error=End of file
